build/app/intermediates/manifest_merge_blame_file/release/manifest-merger-blame-release-report.txt
1<?xml version="1.0" encoding="utf-8"?>
2<manifest xmlns:android="http://schemas.android.com/apk/res/android"
3    package="com.meditationdemo.flutter_meditaion_demo"
4    android:versionCode="4001"
5    android:versionName="1.0.0" >
6
7    <uses-sdk
8        android:minSdkVersion="21"
8-->src/main/AndroidManifest.xml
9        android:targetSdkVersion="30" />
9-->src/main/AndroidManifest.xml
10
11    <uses-permission android:name="android.permission.INTERNET" />
11-->src/main/AndroidManifest.xml:4:5-66
11-->src/main/AndroidManifest.xml:4:22-64
12    <uses-permission android:name="android.permission.WAKE_LOCK" />
12-->src/main/AndroidManifest.xml:5:5-67
12-->src/main/AndroidManifest.xml:5:22-65
13    <uses-permission android:name="android.permission.FOREGROUND_SERVICE" />
13-->src/main/AndroidManifest.xml:6:5-76
13-->src/main/AndroidManifest.xml:6:22-74
14
15    <queries>
15-->[androidx.media2:media2-session:1.1.3] AndroidManifest.xml:24:5-34:15
16        <intent>
16-->[androidx.media2:media2-session:1.1.3] AndroidManifest.xml:25:9-27:18
17            <action android:name="android.media.browse.MediaBrowserService" />
17-->src/main/AndroidManifest.xml:44:16-82
17-->src/main/AndroidManifest.xml:44:24-79
18        </intent>
19        <intent>
19-->[androidx.media2:media2-session:1.1.3] AndroidManifest.xml:28:9-30:18
20            <action android:name="androidx.media2.session.MediaSessionService" />
20-->[androidx.media2:media2-session:1.1.3] AndroidManifest.xml:29:13-82
20-->[androidx.media2:media2-session:1.1.3] AndroidManifest.xml:29:21-79
21        </intent>
22        <intent>
22-->[androidx.media2:media2-session:1.1.3] AndroidManifest.xml:31:9-33:18
23            <action android:name="androidx.media2.session.MediaLibraryService" />
23-->[androidx.media2:media2-session:1.1.3] AndroidManifest.xml:32:13-82
23-->[androidx.media2:media2-session:1.1.3] AndroidManifest.xml:32:21-79
24        </intent>
25    </queries>
26
27    <uses-permission android:name="android.permission.ACCESS_NETWORK_STATE" />
27-->[com.google.android.exoplayer:exoplayer-core:2.15.0] AndroidManifest.xml:24:5-79
27-->[com.google.android.exoplayer:exoplayer-core:2.15.0] AndroidManifest.xml:24:22-76
28
29    <application
29-->src/main/AndroidManifest.xml:8:4-60:19
30        android:appComponentFactory="androidx.core.app.CoreComponentFactory"
30-->[androidx.core:core:1.6.0] AndroidManifest.xml:24:18-86
31        android:icon="@mipmap/ic_launcher"
31-->src/main/AndroidManifest.xml:10:9-43
32        android:label="flutter_meditaion_demo" >
32-->src/main/AndroidManifest.xml:9:9-47
33        <activity
33-->src/main/AndroidManifest.xml:11:9-39:20
34            android:name="com.ryanheise.audioservice.AudioServiceActivity"
34-->src/main/AndroidManifest.xml:12:13-75
35            android:configChanges="orientation|keyboardHidden|keyboard|screenSize|smallestScreenSize|locale|layoutDirection|fontScale|screenLayout|density|uiMode"
35-->src/main/AndroidManifest.xml:15:13-163
36            android:hardwareAccelerated="true"
36-->src/main/AndroidManifest.xml:16:13-47
37            android:launchMode="singleTop"
37-->src/main/AndroidManifest.xml:13:13-43
38            android:theme="@style/LaunchTheme"
38-->src/main/AndroidManifest.xml:14:13-47
39            android:windowSoftInputMode="adjustResize" >
39-->src/main/AndroidManifest.xml:17:13-55
40
41            <!--
42                 Specifies an Android theme to apply to this Activity as soon as
43                 the Android process has started. This theme is visible to the user
44                 while the Flutter UI initializes. After that, this theme continues
45                 to determine the Window background behind the Flutter UI.
46            -->
47            <meta-data
47-->src/main/AndroidManifest.xml:22:13-25:17
48                android:name="io.flutter.embedding.android.NormalTheme"
48-->src/main/AndroidManifest.xml:23:15-70
49                android:resource="@style/NormalTheme" />
49-->src/main/AndroidManifest.xml:24:15-52
50            <!--
51                 Displays an Android View that continues showing the launch screen
52                 Drawable until Flutter paints its first frame, then this splash
53                 screen fades out. A splash screen is useful to avoid any visual
54                 gap between the end of Android's launch screen and the painting of
55                 Flutter's first frame.
56            -->
57            <meta-data
57-->src/main/AndroidManifest.xml:31:13-34:17
58                android:name="io.flutter.embedding.android.SplashScreenDrawable"
58-->src/main/AndroidManifest.xml:32:15-79
59                android:resource="@drawable/launch_background" />
59-->src/main/AndroidManifest.xml:33:15-61
60
61            <intent-filter>
61-->src/main/AndroidManifest.xml:35:13-38:29
62                <action android:name="android.intent.action.MAIN" />
62-->src/main/AndroidManifest.xml:36:17-68
62-->src/main/AndroidManifest.xml:36:25-66
63
64                <category android:name="android.intent.category.LAUNCHER" />
64-->src/main/AndroidManifest.xml:37:17-76
64-->src/main/AndroidManifest.xml:37:27-74
65            </intent-filter>
66        </activity>
67
68        <service android:name="com.ryanheise.audioservice.AudioService" >
68-->src/main/AndroidManifest.xml:42:8-46:18
68-->src/main/AndroidManifest.xml:42:17-71
69            <intent-filter>
69-->src/main/AndroidManifest.xml:43:12-45:28
70                <action android:name="android.media.browse.MediaBrowserService" />
70-->src/main/AndroidManifest.xml:44:16-82
70-->src/main/AndroidManifest.xml:44:24-79
71            </intent-filter>
72        </service>
73
74        <receiver android:name="com.ryanheise.audioservice.MediaButtonReceiver" >
74-->src/main/AndroidManifest.xml:49:8-53:19
74-->src/main/AndroidManifest.xml:49:18-79
75            <intent-filter>
75-->src/main/AndroidManifest.xml:50:12-52:28
76                <action android:name="android.intent.action.MEDIA_BUTTON" />
76-->src/main/AndroidManifest.xml:51:16-76
76-->src/main/AndroidManifest.xml:51:24-73
77            </intent-filter>
78        </receiver>
79
80        <!--
81            Don't delete the meta-data below.
82            This is used by the Flutter tool to generate GeneratedPluginRegistrant.java
83        -->
84        <meta-data
84-->src/main/AndroidManifest.xml:57:9-59:33
85            android:name="flutterEmbedding"
85-->src/main/AndroidManifest.xml:58:13-44
86            android:value="2" />
86-->src/main/AndroidManifest.xml:59:13-30
87    </application>
88
89</manifest>